<?xml version="1.0" encoding="UTF-8" standalone="no"?>
<testsuite failures="0" name="cucumber.runtime.formatter.JUnitFormatter" skipped="0" tests="1" time="21.014304">
<testcase classname="Deal data creation" name="Free CRM Create a new deal scenario" time="21.014304">
<system-out><![CDATA[Given user is available on login page.......................................passed
When tittle of login page is Free CRM.......................................passed
Then user enters username and user enters password..........................passed
Then user clicks on login button............................................passed
Then user is on home page...................................................passed
Then user moves to new deal page............................................passed
Then user enters deal details...............................................passed
Then close the browser......................................................passed
]]></system-out>
</testcase>
</testsuite>
