<?xml version="1.0" encoding="UTF-8" standalone="no"?>
<testsuite failures="0" name="cucumber.runtime.formatter.JUnitFormatter" skipped="0" tests="2" time="0">
<testcase classname="Free CRM Create Contacts" name="Free CRM Create a new contact scenario" time="0">
<system-out><![CDATA[Given user is available on login page.......................................skipped
When tittle of login page is Free CRM.......................................skipped
Then user enters "surajp" and user enters "suraj1234".......................skipped
Then user clicks on login button............................................skipped
Then user is on home page...................................................skipped
Then user moves to new contact page.........................................skipped
Then user enters contact details "Tom" and "Peter" and "Manager"............skipped
Then close the browser......................................................skipped
]]></system-out>
</testcase>
<testcase classname="Free CRM Create Contacts" name="Free CRM Create a new contact scenario 2" time="0">
<system-out><![CDATA[Given user is available on login page.......................................skipped
When tittle of login page is Free CRM.......................................skipped
Then user enters "surajp" and user enters "suraj1234".......................skipped
Then user clicks on login button............................................skipped
Then user is on home page...................................................skipped
Then user moves to new contact page.........................................skipped
Then user enters contact details "David" and "Dsouza" and "Director"........skipped
Then close the browser......................................................skipped
]]></system-out>
</testcase>
</testsuite>
